<?xml version="1.0" encoding="UTF-8"?>
<!-- Generated by org.testng.reporters.JUnitReportReporter -->
<testsuite hostname="Mayankas-MacBook-Air.local" failures="0" tests="3" name="com.qa.test.StandAloneTestForBaseTest" time="163.210" errors="0" timestamp="2024-06-23T19:52:14 IST" skipped="0">
  <testcase classname="com.qa.test.StandAloneTestForBaseTest" name="purchaseCloth" time="53.911"/>
  <testcase classname="com.qa.test.StandAloneTestForBaseTest" name="purchaseCloth" time="37.253"/>
  <testcase classname="com.qa.test.StandAloneTestForBaseTest" name="validateOrderHistory" time="72.046"/>
</testsuite> <!-- com.qa.test.StandAloneTestForBaseTest -->
